2018-01-19 14:36:58,384 DEBUG [main] RequestAddCookies:123 - CookieSpec selected: default
2018-01-19 14:36:58,408 DEBUG [main] RequestAuthCache:77 - Auth cache not set in the context
2018-01-19 14:36:58,413 DEBUG [main] PoolingHttpClientConnectionManager:255 - Connection request: [route: {}->http://qa4.industrybuying.com:8090][total kept alive: 0; route allocated: 0 of 2; total allocated: 0 of 20]
2018-01-19 14:36:58,444 DEBUG [main] PoolingHttpClientConnectionManager:288 - Connection leased: [id: 0][route: {}->http://qa4.industrybuying.com:8090][total kept alive: 0; route allocated: 1 of 2; total allocated: 1 of 20]
2018-01-19 14:36:58,449 DEBUG [main] MainClientExec:235 - Opening connection {}->http://qa4.industrybuying.com:8090
2018-01-19 14:36:58,554 DEBUG [main] DefaultHttpClientConnectionOperator:139 - Connecting to qa4.industrybuying.com/35.154.89.2:8090
2018-01-19 14:36:58,588 DEBUG [main] DefaultHttpClientConnectionOperator:146 - Connection established 192.168.4.184:50102<->35.154.89.2:8090
2018-01-19 14:36:58,589 DEBUG [main] MainClientExec:256 - Executing request POST /api/v1/users HTTP/1.1
2018-01-19 14:36:58,590 DEBUG [main] MainClientExec:261 - Target auth state: UNCHALLENGED
2018-01-19 14:36:58,591 DEBUG [main] MainClientExec:267 - Proxy auth state: UNCHALLENGED
2018-01-19 14:36:58,595 DEBUG [main] headers:133 - http-outgoing-0 >> POST /api/v1/users HTTP/1.1
2018-01-19 14:36:58,596 DEBUG [main] headers:136 - http-outgoing-0 >> Content-Type: application/json
2018-01-19 14:36:58,597 DEBUG [main] headers:136 - http-outgoing-0 >> Content-Length: 142
2018-01-19 14:36:58,598 DEBUG [main] headers:136 - http-outgoing-0 >> Host: qa4.industrybuying.com:8090
2018-01-19 14:36:58,599 DEBUG [main] headers:136 - http-outgoing-0 >> Connection: Keep-Alive
2018-01-19 14:36:58,600 DEBUG [main] headers:136 - http-outgoing-0 >> User-Agent: Apache-HttpClient/4.5.3 (Java/9.0.1)
2018-01-19 14:36:58,601 DEBUG [main] headers:136 - http-outgoing-0 >> Accept-Encoding: gzip,deflate
2018-01-19 14:36:58,602 DEBUG [main] wire:73 - http-outgoing-0 >> "POST /api/v1/users HTTP/1.1[\r][\n]"
2018-01-19 14:36:58,603 DEBUG [main] wire:73 - http-outgoing-0 >> "Content-Type: application/json[\r][\n]"
2018-01-19 14:36:58,604 DEBUG [main] wire:73 - http-outgoing-0 >> "Content-Length: 142[\r][\n]"
2018-01-19 14:36:58,605 DEBUG [main] wire:73 - http-outgoing-0 >> "Host: qa4.industrybuying.com:8090[\r][\n]"
2018-01-19 14:36:58,607 DEBUG [main] wire:73 - http-outgoing-0 >> "Connection: Keep-Alive[\r][\n]"
2018-01-19 14:36:58,608 DEBUG [main] wire:73 - http-outgoing-0 >> "User-Agent: Apache-HttpClient/4.5.3 (Java/9.0.1)[\r][\n]"
2018-01-19 14:36:58,609 DEBUG [main] wire:73 - http-outgoing-0 >> "Accept-Encoding: gzip,deflate[\r][\n]"
2018-01-19 14:36:58,610 DEBUG [main] wire:73 - http-outgoing-0 >> "[\r][\n]"
2018-01-19 14:36:58,611 DEBUG [main] wire:87 - http-outgoing-0 >> "{"firstName":"varsha","lastName":"automation","email":"vc3@ib.com","createdBy":"auto","modifiedBy":"auto","id":0,"createdOn":0,"modifiedOn":0}"
2018-01-19 14:36:58,723 DEBUG [main] wire:73 - http-outgoing-0 << "HTTP/1.1 200 [\r][\n]"
2018-01-19 14:36:58,724 DEBUG [main] wire:73 - http-outgoing-0 << "Content-Type: application/json;charset=UTF-8[\r][\n]"
2018-01-19 14:36:58,725 DEBUG [main] wire:73 - http-outgoing-0 << "Transfer-Encoding: chunked[\r][\n]"
2018-01-19 14:36:58,726 DEBUG [main] wire:73 - http-outgoing-0 << "Date: Fri, 19 Jan 2018 09:07:00 GMT[\r][\n]"
2018-01-19 14:36:58,727 DEBUG [main] wire:73 - http-outgoing-0 << "[\r][\n]"
2018-01-19 14:36:58,727 DEBUG [main] wire:73 - http-outgoing-0 << "9a[\r][\n]"
2018-01-19 14:36:58,728 DEBUG [main] wire:73 - http-outgoing-0 << "{"id":0,"createdOn":0,"modifiedOn":1516352820236,"createdBy":"auto","modifiedBy":"auto","email":"vc3@ib.com","firstName":"varsha","lastName":"automation"}[\r][\n]"
2018-01-19 14:36:58,733 DEBUG [main] headers:122 - http-outgoing-0 << HTTP/1.1 200 
2018-01-19 14:36:58,733 DEBUG [main] headers:125 - http-outgoing-0 << Content-Type: application/json;charset=UTF-8
2018-01-19 14:36:58,734 DEBUG [main] headers:125 - http-outgoing-0 << Transfer-Encoding: chunked
2018-01-19 14:36:58,735 DEBUG [main] headers:125 - http-outgoing-0 << Date: Fri, 19 Jan 2018 09:07:00 GMT
2018-01-19 14:36:58,745 DEBUG [main] MainClientExec:285 - Connection can be kept alive indefinitely
2018-01-19 14:36:58,754 DEBUG [main] wire:73 - http-outgoing-0 << "0[\r][\n]"
2018-01-19 14:36:58,755 DEBUG [main] wire:73 - http-outgoing-0 << "[\r][\n]"
2018-01-19 14:36:58,756 DEBUG [main] PoolingHttpClientConnectionManager:320 - Connection [id: 0][route: {}->http://qa4.industrybuying.com:8090] can be kept alive indefinitely
2018-01-19 14:36:58,756 DEBUG [main] PoolingHttpClientConnectionManager:326 - Connection released: [id: 0][route: {}->http://qa4.industrybuying.com:8090][total kept alive: 1; route allocated: 1 of 2; total allocated: 1 of 20]
